=== Rostering the TAs from the demo data ===
=== Loading the demo data demo_data_weekly_scheduling-random ===
Solving started: time spent (19), best score (-14init/0hard/-10medium/0soft), environment mode (REPRODUCIBLE), move thread count (NONE), random (JDK with seed 0).
Problem scale: entity count (14), variable count (14), approximate value count (7), approximate problem scale (6.782231 × 10^11).
Construction Heuristic phase (0) ended: time spent (81), best score (0hard/-2medium/-35soft), move evaluation speed (2450/sec), step total (14).
Local Search phase (1) ended: time spent (5110), best score (0hard/-2medium/-15soft), move evaluation speed (20509/sec), step total (12089).
Solving ended: time spent (5110), best score (0hard/-2medium/-15soft), move evaluation speed (20199/sec), phase total (2), environment mode (REPRODUCIBLE), move thread count (NONE).
************************** Final Timetable **************************
Score: 0hard/-2medium/-15soft
=== Starting to print the assignment matrix ===
+----------------------+----------------------+----------------------+----------------------+----------------------+----------------------+----------------------+----------------------+
|                      |D. Noori (ID: 0)      |S. Smith (ID: 1)      |A. Athar (ID: 2)      |A. Athar (ID: 3)      |M. Roghani (ID: 4)    |A. Gholami (ID: 5)    |M. Jafari (ID: 6)     |
|                      |requires              |requires              |requires              |requires              |requires              |requires              |requires              |
|                      |  total:      8       |  total:      11      |  total:      15      |  total:      7       |  total:      14      |  total:      7       |  total:      9       |
|                      |  min_weekly: 2       |  min_weekly: 2       |  min_weekly: 2       |  min_weekly: 2       |  min_weekly: 2       |  min_weekly: 2       |  min_weekly: 1       |
|                      |  max_weekly: 2       |  max_weekly: 3       |  max_weekly: 3       |  max_weekly: 2       |  max_weekly: 3       |  max_weekly: 2       |  max_weekly: 2       |
+----------------------+----------------------+----------------------+----------------------+----------------------+----------------------+----------------------+----------------------+
|L20 Wed 18:30 - week 1|                      |                      |A. Athar              |A. Athar              |                      |                      |                      |
|requires 1 TAs        |                      |                      |Desired               |Desired               |                      |                      |                      |
+----------------------+----------------------+----------------------+----------------------+----------------------+----------------------+----------------------+----------------------+
|L10 Tue 18:30 - week 1|                      |                      |A. Athar              |A. Athar              |                      |                      |                      |
|requires 1 TAs        |                      |                      |Neutral               |Neutral               |                      |                      |                      |
+----------------------+----------------------+----------------------+----------------------+----------------------+----------------------+----------------------+----------------------+
|L03 Fri 14:30 - week 1|D. Noori              |S. Smith              |A. Athar              |A. Athar              |                      |                      |M. Jafari             |
|requires 4 TAs        |Neutral               |Undesired             |Desired               |Desired               |                      |                      |Desired               |
+----------------------+----------------------+----------------------+----------------------+----------------------+----------------------+----------------------+----------------------+
|L06 Tue 14:30 - week 1|D. Noori              |S. Smith              |                      |                      |                      |                      |                      |
|requires 2 TAs        |Desired               |Undesired             |                      |                      |                      |                      |                      |
+----------------------+----------------------+----------------------+----------------------+----------------------+----------------------+----------------------+----------------------+
|L05 Tue 18:30 - week 1|                      |                      |A. Athar              |A. Athar              |M. Roghani            |                      |M. Jafari             |
|requires 3 TAs        |                      |                      |Desired               |Desired               |Neutral               |                      |Neutral               |
+----------------------+----------------------+----------------------+----------------------+----------------------+----------------------+----------------------+----------------------+
|L18 Thu 18:30 - week 1|                      |                      |A. Athar              |A. Athar              |M. Roghani            |                      |                      |
|requires 2 TAs        |                      |                      |Neutral               |Neutral               |Neutral               |                      |                      |
+----------------------+----------------------+----------------------+----------------------+----------------------+----------------------+----------------------+----------------------+
|L07 Thu 18:30 - week 1|                      |                      |                      |                      |M. Roghani            |                      |                      |
|requires 1 TAs        |                      |                      |                      |                      |Desired               |                      |                      |
+----------------------+----------------------+----------------------+----------------------+----------------------+----------------------+----------------------+----------------------+
=== Finished printing the assignment matrix ===
=== Done Solving ===
