=== Rostering the TAs from the demo data ===
Solving started: time spent (19), best score (-10init/0hard/-5medium/0soft), environment mode (REPRODUCIBLE), move thread count (NONE), random (JDK with seed 0).
Problem scale: entity count (10), variable count (10), approximate value count (5), approximate problem scale (9,765,625).
Construction Heuristic phase (0) ended: time spent (45), best score (0hard/0medium/-37soft), move evaluation speed (2272/sec), step total (10).
Local Search phase (1) ended: time spent (5062), best score (0hard/0medium/-17soft), move evaluation speed (22854/sec), step total (13506).
Solving ended: time spent (5062), best score (0hard/0medium/-17soft), move evaluation speed (22656/sec), phase total (2), environment mode (REPRODUCIBLE), move thread count (NONE).
************************** Final Timetable **************************
Score: 0hard/0medium/-17soft
=== Starting to print the assignment matrix ===
+------------------+------------------+------------------+------------------+------------------+------------------+
|                  |M. Roghani (ID: 0)|D. Noori (ID: 1)  |A. Gholami (ID: 2)|M. Jafari (ID: 3) |A. Athar (ID: 4)  |
|                  |(requires: 10)    |(requires: 8)     |(requires: 5)     |(requires: 6)     |(requires: 6)     |
+------------------+------------------+------------------+------------------+------------------+------------------+
|L07 Mon 14:30     |M. Roghani        |                  |A. Gholami        |                  |                  |
|requires 2        |Desired           |                  |Desired           |                  |                  |
+------------------+------------------+------------------+------------------+------------------+------------------+
|L08 Mon 18:30     |M. Roghani        |D. Noori          |                  |M. Jafari         |                  |
|requires 3        |Desired           |Neutral           |                  |Desired           |                  |
+------------------+------------------+------------------+------------------+------------------+------------------+
|L09 Tue 14:30     |M. Roghani        |                  |                  |                  |A. Athar          |
|requires 2        |Desired           |                  |                  |                  |Undesired         |
+------------------+------------------+------------------+------------------+------------------+------------------+
|L10 Tue 18:30     |                  |D. Noori          |                  |                  |                  |
|requires 1        |                  |Neutral           |                  |                  |                  |
+------------------+------------------+------------------+------------------+------------------+------------------+
|L11 Thu 18:30     |                  |                  |                  |M. Jafari         |A. Athar          |
|requires 2        |                  |                  |                  |Neutral           |Undesired         |
+------------------+------------------+------------------+------------------+------------------+------------------+
=== Finished printing the assignment matrix ===
=== Done Solving ===
