=== Rostering the TAs from the demo data ===
Solving started: time spent (20), best score (-10init/0hard/-5medium/0soft), environment mode (REPRODUCIBLE), move thread count (NONE), random (JDK with seed 0).
Problem scale: entity count (10), variable count (10), approximate value count (5), approximate problem scale (9,765,625).
Construction Heuristic phase (0) ended: time spent (47), best score (0hard/0medium/-37soft), move evaluation speed (2173/sec), step total (10).
Local Search phase (1) ended: time spent (5065), best score (0hard/0medium/-17soft), move evaluation speed (21756/sec), step total (12955).
Solving ended: time spent (5065), best score (0hard/0medium/-17soft), move evaluation speed (21560/sec), phase total (2), environment mode (REPRODUCIBLE), move thread count (NONE).
************************** Final Timetable **************************
Score: 0hard/0medium/-17soft
=== Starting to print the assignment matrix ===
+----------------------+----------------------+----------------------+----------------------+----------------------+----------------------+
|                      |M. Roghani (ID: 0)    |D. Noori (ID: 1)      |A. Gholami (ID: 2)    |M. Jafari (ID: 3)     |A. Athar (ID: 4)      |
|                      |requires              |requires              |requires              |requires              |requires              |
|                      |  total:      10      |  total:      8       |  total:      5       |  total:      6       |  total:      6       |
|                      |  min_weekly: 3       |  min_weekly: 2       |  min_weekly: 1       |  min_weekly: 2       |  min_weekly: 2       |
|                      |  max_weekly: 3       |  max_weekly: 2       |  max_weekly: 1       |  max_weekly: 2       |  max_weekly: 2       |
+----------------------+----------------------+----------------------+----------------------+----------------------+----------------------+
|L07 Mon 14:30 - week 1|M. Roghani            |                      |A. Gholami            |                      |                      |
|requires 2 TAs        |Desired               |                      |Desired               |                      |                      |
+----------------------+----------------------+----------------------+----------------------+----------------------+----------------------+
|L08 Mon 18:30 - week 1|M. Roghani            |D. Noori              |                      |M. Jafari             |                      |
|requires 3 TAs        |Desired               |Neutral               |                      |Desired               |                      |
+----------------------+----------------------+----------------------+----------------------+----------------------+----------------------+
|L09 Tue 14:30 - week 1|M. Roghani            |                      |                      |                      |A. Athar              |
|requires 2 TAs        |Desired               |                      |                      |                      |Undesired             |
+----------------------+----------------------+----------------------+----------------------+----------------------+----------------------+
|L10 Tue 18:30 - week 1|                      |D. Noori              |                      |                      |                      |
|requires 1 TAs        |                      |Neutral               |                      |                      |                      |
+----------------------+----------------------+----------------------+----------------------+----------------------+----------------------+
|L11 Thu 18:30 - week 1|                      |                      |                      |M. Jafari             |A. Athar              |
|requires 2 TAs        |                      |                      |                      |Neutral               |Undesired             |
+----------------------+----------------------+----------------------+----------------------+----------------------+----------------------+
=== Finished printing the assignment matrix ===
=== Done Solving ===
