=== Rostering the TAs from the demo data ===
Solving started: time spent (47), best score (-10init/-5hard/0soft), environment mode (REPRODUCIBLE), move thread count (NONE), random (JDK with seed 0).
Problem scale: entity count (10), variable count (10), approximate value count (5), approximate problem scale (9,765,625).
Construction Heuristic phase (0) ended: time spent (128), best score (-3hard/0soft), move evaluation speed (735/sec), step total (10).
Local Search phase (1) ended: time spent (10172), best score (0hard/0soft), move evaluation speed (310/sec), step total (1310).
Solving ended: time spent (10185), best score (0hard/0soft), move evaluation speed (311/sec), phase total (2), environment mode (REPRODUCIBLE), move thread count (NONE).
************************** Final Timetable **************************
Score: 0hard/0soft
=== Starting to print the assignment matrix ===
+------------------+------------------+------------------+------------------+------------------+------------------+
|                  |M. Roghani (ID: 0)|D. Noori (ID: 1)  |A. Gholami (ID: 2)|M. Jafari (ID: 3) |A. Athar (ID: 4)  |
|                  |(requires: 3)     |(requires: 2)     |(requires: 1)     |(requires: 2)     |(requires: 2)     |
+------------------+------------------+------------------+------------------+------------------+------------------+
|L07 Mon 14:30     |M. Roghani        |D. Noori          |                  |                  |                  |
|requires 2        |Desired           |Unavailable       |                  |                  |                  |
+------------------+------------------+------------------+------------------+------------------+------------------+
|L08 Mon 18:30     |M. Roghani        |                  |A. Gholami        |                  |A. Athar          |
|requires 3        |Desired           |                  |Unavailable       |                  |Undesired         |
+------------------+------------------+------------------+------------------+------------------+------------------+
|L09 Tue 14:30     |M. Roghani        |                  |                  |M. Jafari         |                  |
|requires 2        |Desired           |                  |                  |Undesired         |                  |
+------------------+------------------+------------------+------------------+------------------+------------------+
|L10 Tue 18:30     |                  |D. Noori          |                  |                  |                  |
|requires 1        |                  |Neutral           |                  |                  |                  |
+------------------+------------------+------------------+------------------+------------------+------------------+
|L11 Thu 18:30     |                  |                  |                  |M. Jafari         |A. Athar          |
|requires 2        |                  |                  |                  |Neutral           |Undesired         |
+------------------+------------------+------------------+------------------+------------------+------------------+
=== Finished printing the assignment matrix ===
=== Done Solving ===
