=== Starting to print the assignment matrix ===
+------------------+------------------+------------------+------------------+------------------+------------------+
|                  |M. Roghani (ID: 0)|D. Noori (ID: 1)  |A. Gholami (ID: 2)|M. Jafari (ID: 3) |A. Athar (ID: 4)  |
|                  |(requires: 3)     |(requires: 2)     |(requires: 1)     |(requires: 2)     |(requires: 2)     |
+------------------+------------------+------------------+------------------+------------------+------------------+
|L07 Mon 14:30     |M. Roghani        |                  |                  |                  |A. Athar          |
|requires 2        |Desired           |                  |                  |                  |Desired           |
+------------------+------------------+------------------+------------------+------------------+------------------+
|L08 Mon 18:30     |M. Roghani        |D. Noori          |                  |M. Jafari         |                  |
|requires 3        |Desired           |Neutral           |                  |Desired           |                  |
+------------------+------------------+------------------+------------------+------------------+------------------+
|L09 Tue 14:30     |M. Roghani        |                  |                  |                  |A. Athar          |
|requires 2        |Desired           |                  |                  |                  |Undesired         |
+------------------+------------------+------------------+------------------+------------------+------------------+
|L10 Tue 18:30     |                  |D. Noori          |                  |                  |                  |
|requires 1        |                  |Neutral           |                  |                  |                  |
+------------------+------------------+------------------+------------------+------------------+------------------+
|L11 Thu 18:30     |                  |                  |A. Gholami        |M. Jafari         |                  |
|requires 2        |                  |                  |Neutral           |Neutral           |                  |
+------------------+------------------+------------------+------------------+------------------+------------------+
=== Finished printing the assignment matrix ===
