...
Logger initialized
	@ 2025-07-29 23:13:35
	Constraint version: default
	Data:               demo_data_weekly_scheduling-random
...
Running the TA Rostering Program with seed: 358900
=== Creating the problem from the demo data ===
=== Loading the demo data demo_data_weekly_scheduling-random ===
============================
[Pre-processing] Generating demo data with timetable name 'my_demo'
============================
📌 === Program Constants for Demo Data Generation ===
📅 Shift Configuration:
	🔽 MIN_NUM_SHIFTS_PER_WEEK	= 06
	🔼 MAX_NUM_SHIFTS_PER_WEEK	= 12
👥 TA Shift Requirements:
	🔽 MIN_TAS_REQUIRED_PER_SHIFT	= 02
	🔼 MAX_TAS_REQUIRED_PER_SHIFT	= 03
🎯 TA Skill Levels:
	🧠 MIN_TA_SKILL_LEVEL		= 01
	🚀 MAX_TA_SKILL_LEVEL		= 03
⛔ Unavailability (% of shifts/week):
	🔽 MIN_UNAVAILABLE_SHIFTS_DIV	= 00 %	# Minimum pecentage of unavailable shifts in a week for TAs
	🔼 MAX_UNAVAILABLE_SHIFTS_DIV	= 20 %	# Maximum pecentage of unavailable shifts in a week for TAs
❤️ Desired Availability (% of shifts/week):
	🔽 MIN_DESIRED_SHIFTS_DIV	= 00 %	# Minimum pecentage of desired shifts in a week for TAs
	🔼 MAX_DESIRED_SHIFTS_DIV	= 40 %	# Maximum pecentage of desired shifts in a week for TAs
⚠️  Undesired Availability (% of shifts/week):
	🔽 MIN_UNDESIRED_SHIFTS_DIV	= 00 %	# Minimum pecentage of undesired shifts in a week for TAs
	🔼 MAX_UNDESIRED_SHIFTS_DIV	= 30 %	# Maximum pecentage of undesired shifts in a week for TAs
✅ === End of Constants ===

===========================
Generating random shifts for 1 weeks with prefix 'L'
============================
	Available days:		Mon, Tue, Wed, Thu, Fri
	------------------------
	Available TA names:	M. Roghani, D. Noori, A. Gholami, M. Jafari, A. Athar, S. Smith, J. Doe
	------------------------

🛠️ Generating Shifts...
	📅 Shifts per Week: 08
	📦 [ID: 00] [Week: 00] 	L01 on Mon 	14:30:00–17:30:00 ⏰ 	Requires: 2 TA(s)
	📦 [ID: 01] [Week: 00] 	L02 on Wed 	18:30:00–21:30:00 ⏰ 	Requires: 2 TA(s)
	📦 [ID: 02] [Week: 00] 	L03 on Fri 	14:30:00–17:30:00 ⏰ 	Requires: 3 TA(s)
	📦 [ID: 03] [Week: 00] 	L04 on Thu 	18:30:00–21:30:00 ⏰ 	Requires: 2 TA(s)
	📦 [ID: 04] [Week: 00] 	L05 on Thu 	14:30:00–17:30:00 ⏰ 	Requires: 2 TA(s)
	📦 [ID: 05] [Week: 00] 	L06 on Thu 	18:30:00–21:30:00 ⏰ 	Requires: 3 TA(s)
	📦 [ID: 06] [Week: 00] 	L07 on Wed 	14:30:00–17:30:00 ⏰ 	Requires: 2 TA(s)
	📦 [ID: 07] [Week: 00] 	L08 on Mon 	18:30:00–21:30:00 ⏰ 	Requires: 2 TA(s)
==============================================
📋 Shift Series: 		L01, L02, L03, L04, L05, L06, L07, L08
🧪 Total Shifts Generated: 	008
🧮 TA Demand per Week: 		018
📈 Total TA Demand: 		018 across 1 week(s)
🎯 Shift TA Requirement Range: 	2–3
==============================================

✨ Generating Course TAs ✨
🔍 Drawing weekly shift availability and preferences...
👤 TA Created: (ID: 00) S. Smith
	🔧 Skill Level:		02
	📆 Required Shifts:	01
	🗓️  Weekly Shift Bounds:	00 ⟶ 03
		❌ Unavailable:	00
		✅ Desired:	02
		⚠️  Undesired:	01

👤 TA Created: (ID: 01) D. Noori
	🔧 Skill Level:		02
	📆 Required Shifts:	01
	🗓️  Weekly Shift Bounds:	00 ⟶ 03
		❌ Unavailable:	00
		✅ Desired:	03
		⚠️  Undesired:	00

👤 TA Created: (ID: 02) A. Gholami
	🔧 Skill Level:		03
	📆 Required Shifts:	00
	🗓️  Weekly Shift Bounds:	00 ⟶ 03
		❌ Unavailable:	01
		✅ Desired:	00
		⚠️  Undesired:	02

👤 TA Created: (ID: 03) M. Roghani
	🔧 Skill Level:		02
	📆 Required Shifts:	06
	🗓️  Weekly Shift Bounds:	00 ⟶ 03
		❌ Unavailable:	00
		✅ Desired:	03
		⚠️  Undesired:	00

👤 TA Created: (ID: 04) J. Doe
	🔧 Skill Level:		01
	📆 Required Shifts:	05
	🗓️  Weekly Shift Bounds:	00 ⟶ 03
		❌ Unavailable:	01
		✅ Desired:	03
		⚠️  Undesired:	01

👤 TA Created: (ID: 05) M. Jafari
	🔧 Skill Level:		01
	📆 Required Shifts:	04
	🗓️  Weekly Shift Bounds:	00 ⟶ 03
		❌ Unavailable:	00
		✅ Desired:	03
		⚠️  Undesired:	02

👤 TA Created: (ID: 06) A. Athar
	🔧 Skill Level:		03
	📆 Required Shifts:	01
	🗓️  Weekly Shift Bounds:	00 ⟶ 03
		❌ Unavailable:	01
		✅ Desired:	00
		⚠️  Undesired:	01

📋 ===========================
👩‍🏫 Generated TAs:		7
📊 Total TA Demand:		18 shifts across 1 weeks
🟢 Desired Shifts:		014 (2.00 per TA)		🌟 Unique:	7
🟡 Undesired Shifts:		007 (1.00 per TA)		⚠️ Unique:	5
🔴 Unavailable Shifts:		003 (0.43 per TA)		🚫 Unique:	3
⏳ Weekly Shift Limits:		Min: 0, Max: 3
🔄 Allow Different Weekly Availability:		❌ No
📋 ===========================

Generated 18 shift assignments for 8 shifts...
************************** Initial Timetable **************************
=== Starting to print the TA availability ===
Score: None
+----------------------+----------------------+----------------------+----------------------+----------------------+----------------------+----------------------+----------------------+
|                      |S. Smith (ID: 0)      |D. Noori (ID: 1)      |A. Gholami (ID: 2)    |M. Roghani (ID: 3)    |J. Doe (ID: 4)        |M. Jafari (ID: 5)     |A. Athar (ID: 6)      |
|                      |requires              |requires              |requires              |requires              |requires              |requires              |requires              |
|                      |  budget:      1      |  budget:      1      |  budget:      0      |  budget:      6      |  budget:      5      |  budget:      4      |  budget:      1      |
|                      |  min_weekly: 0       |  min_weekly: 0       |  min_weekly: 0       |  min_weekly: 0       |  min_weekly: 0       |  min_weekly: 0       |  min_weekly: 0       |
|                      |  max_weekly: 3       |  max_weekly: 3       |  max_weekly: 3       |  max_weekly: 3       |  max_weekly: 3       |  max_weekly: 3       |  max_weekly: 3       |
+----------------------+----------------------+----------------------+----------------------+----------------------+----------------------+----------------------+----------------------+
|L01 Mon 14:30 - week 0|S. Smith              |D. Noori              |                      |                      |                      |M. Jafari             |A. Athar              |
|requires 2 TAs        |** Desired **         |** Desired **         |                      |                      |                      |** Desired **         |X Unavailable X       |
+----------------------+----------------------+----------------------+----------------------+----------------------+----------------------+----------------------+----------------------+
|L02 Wed 18:30 - week 0|                      |                      |A. Gholami            |                      |J. Doe                |M. Jafari             |                      |
|requires 2 TAs        |                      |                      |>> Undesired <<       |                      |X Unavailable X       |>> Undesired <<       |                      |
+----------------------+----------------------+----------------------+----------------------+----------------------+----------------------+----------------------+----------------------+
|L03 Fri 14:30 - week 0|                      |                      |                      |                      |                      |M. Jafari             |                      |
|requires 3 TAs        |                      |                      |                      |                      |                      |** Desired **         |                      |
+----------------------+----------------------+----------------------+----------------------+----------------------+----------------------+----------------------+----------------------+
|L04 Thu 18:30 - week 0|S. Smith              |                      |                      |M. Roghani            |J. Doe                |                      |A. Athar              |
|requires 2 TAs        |>> Undesired <<       |                      |                      |** Desired **         |** Desired **         |                      |>> Undesired <<       |
+----------------------+----------------------+----------------------+----------------------+----------------------+----------------------+----------------------+----------------------+
|L05 Thu 14:30 - week 0|                      |D. Noori              |                      |                      |J. Doe                |M. Jafari             |                      |
|requires 2 TAs        |                      |** Desired **         |                      |                      |>> Undesired <<       |** Desired **         |                      |
+----------------------+----------------------+----------------------+----------------------+----------------------+----------------------+----------------------+----------------------+
|L06 Thu 18:30 - week 0|                      |                      |A. Gholami            |M. Roghani            |                      |                      |                      |
|requires 3 TAs        |                      |                      |>> Undesired <<       |** Desired **         |                      |                      |                      |
+----------------------+----------------------+----------------------+----------------------+----------------------+----------------------+----------------------+----------------------+
|L07 Wed 14:30 - week 0|S. Smith              |D. Noori              |A. Gholami            |M. Roghani            |J. Doe                |                      |                      |
|requires 2 TAs        |** Desired **         |** Desired **         |X Unavailable X       |** Desired **         |** Desired **         |                      |                      |
+----------------------+----------------------+----------------------+----------------------+----------------------+----------------------+----------------------+----------------------+
|L08 Mon 18:30 - week 0|                      |                      |                      |                      |J. Doe                |M. Jafari             |                      |
|requires 2 TAs        |                      |                      |                      |                      |** Desired **         |>> Undesired <<       |                      |
+----------------------+----------------------+----------------------+----------------------+----------------------+----------------------+----------------------+----------------------+
=== Finished printing the TA availability ===
************************** /Initial Timetable **************************

🚀 === Starting to Solve the Problem ===
calling create_solver() method
	⚙️  Creating SolverConfig and SolverFactory...
✅ === SolverConfig and SolverFactory Created Successfully ===
=== Creating the SolverManager ===
	Requesting the SolverManager to create a SolverJob
	SolverJob created 0ee450f4-731f-4ad2-a512-bc56560cbfe4 id - <timefold.solver._solver_manager.SolverJob object at 0x13456e240>

==========================================
🛑 Starting blocking: waiting for solver job to finish
-------------------------------------------
Job ID: 0ee450f4-731f-4ad2-a512-bc56560cbfe4
Solving started: time spent (22), best score (-18init/0hard/0medium/0soft), environment mode (REPRODUCIBLE), move thread count (NONE), random (JDK with seed 358900).
Problem scale: entity count (18), variable count (18), approximate value count (7), approximate problem scale (1.628414 × 10^15).
Construction Heuristic phase (0) ended: time spent (65), best score (0hard/0medium/9soft), move evaluation speed (3230/sec), step total (18).

💡 New best solution found! 2025-07-29 23:13:37 🧠
	📈 Updated score: 0hard/0medium/9soft


💡 New best solution found! 2025-07-29 23:13:37 🧠
	📈 Updated score: 0hard/0medium/10soft


💡 New best solution found! 2025-07-29 23:13:37 🧠
	📈 Updated score: 0hard/0medium/11soft

⏱️ 2025-07-29 23:13:42 - Elapsed time: 5.0 seconds
	⏳ Job status: SOLVING_ACTIVE | Best score: 0hard/0medium/11soft

⏱️ 2025-07-29 23:13:47 - Elapsed time: 10.0 seconds
	⏳ Job status: SOLVING_ACTIVE | Best score: 0hard/0medium/11soft

Local Search phase (1) ended: time spent (10286), best score (0hard/0medium/11soft), move evaluation speed (56400/sec), step total (100812).
Solving ended: time spent (10295), best score (0hard/0medium/11soft), move evaluation speed (56001/sec), phase total (2), environment mode (REPRODUCIBLE), move thread count (NONE).
⏱️ 2025-07-29 23:13:52 - job has finished... Elapsed time: 15.0 seconds

✅ Blocking finished. Final job status: NOT_SOLVING
==========================================
Retrieving the final solution...
Solver finished: status=NOT_SOLVING, score=0hard/0medium/11soft
✅ === Solver Finished Successfully ===

🗓️ === Final Timetable ===
Score: 0hard/0medium/11soft
+----------------------+----------------------+----------------------+----------------------+----------------------+----------------------+----------------------+----------------------+
|                      |S. Smith (ID: 0)      |D. Noori (ID: 1)      |A. Gholami (ID: 2)    |M. Roghani (ID: 3)    |J. Doe (ID: 4)        |M. Jafari (ID: 5)     |A. Athar (ID: 6)      |
|                      |requires              |requires              |requires              |requires              |requires              |requires              |requires              |
|                      |  budget:      1      |  budget:      1      |  budget:      0      |  budget:      6      |  budget:      5      |  budget:      4      |  budget:      1      |
|                      |  min_weekly: 0       |  min_weekly: 0       |  min_weekly: 0       |  min_weekly: 0       |  min_weekly: 0       |  min_weekly: 0       |  min_weekly: 0       |
|                      |  max_weekly: 3       |  max_weekly: 3       |  max_weekly: 3       |  max_weekly: 3       |  max_weekly: 3       |  max_weekly: 3       |  max_weekly: 3       |
+----------------------+----------------------+----------------------+----------------------+----------------------+----------------------+----------------------+----------------------+
|L01 Mon 14:30 - week 0|S. Smith              |D. Noori              |                      |                      |                      |                      |                      |
|requires 2 TAs        |** Desired **         |** Desired **         |                      |                      |                      |                      |                      |
+----------------------+----------------------+----------------------+----------------------+----------------------+----------------------+----------------------+----------------------+
|L02 Wed 18:30 - week 0|S. Smith              |D. Noori              |                      |                      |                      |                      |                      |
|requires 2 TAs        |Neutral               |Neutral               |                      |                      |                      |                      |                      |
+----------------------+----------------------+----------------------+----------------------+----------------------+----------------------+----------------------+----------------------+
|L03 Fri 14:30 - week 0|S. Smith              |                      |                      |                      |                      |M. Jafari             |A. Athar              |
|requires 3 TAs        |Neutral               |                      |                      |                      |                      |** Desired **         |Neutral               |
+----------------------+----------------------+----------------------+----------------------+----------------------+----------------------+----------------------+----------------------+
|L04 Thu 18:30 - week 0|                      |                      |                      |M. Roghani            |J. Doe                |                      |                      |
|requires 2 TAs        |                      |                      |                      |** Desired **         |** Desired **         |                      |                      |
+----------------------+----------------------+----------------------+----------------------+----------------------+----------------------+----------------------+----------------------+
|L05 Thu 14:30 - week 0|                      |D. Noori              |                      |                      |                      |M. Jafari             |                      |
|requires 2 TAs        |                      |** Desired **         |                      |                      |                      |** Desired **         |                      |
+----------------------+----------------------+----------------------+----------------------+----------------------+----------------------+----------------------+----------------------+
|L06 Thu 18:30 - week 0|                      |                      |                      |M. Roghani            |                      |M. Jafari             |A. Athar              |
|requires 3 TAs        |                      |                      |                      |** Desired **         |                      |Neutral               |Neutral               |
+----------------------+----------------------+----------------------+----------------------+----------------------+----------------------+----------------------+----------------------+
|L07 Wed 14:30 - week 0|                      |                      |                      |M. Roghani            |J. Doe                |                      |                      |
|requires 2 TAs        |                      |                      |                      |** Desired **         |** Desired **         |                      |                      |
+----------------------+----------------------+----------------------+----------------------+----------------------+----------------------+----------------------+----------------------+
|L08 Mon 18:30 - week 0|                      |                      |                      |                      |J. Doe                |                      |A. Athar              |
|requires 2 TAs        |                      |                      |                      |                      |** Desired **         |                      |Neutral               |
+----------------------+----------------------+----------------------+----------------------+----------------------+----------------------+----------------------+----------------------+
🗓️ === /End of Final Timetable ===
